SF:lib\features\auth\domain\entity\freelancer_entity.dart
DA:23,2
DA:43,0
DA:44,0
DA:45,0
DA:46,0
DA:47,0
DA:48,0
DA:49,0
DA:50,0
DA:51,0
DA:52,0
DA:53,0
DA:54,0
DA:55,0
DA:56,0
DA:57,0
DA:58,0
DA:59,0
DA:60,0
DA:61,0
DA:62,0
LF:21
LH:1
end_of_record
SF:lib\features\auth\domain\use_case\freelancer_use_case\get_freelancer_by_id_use_case.dart
DA:10,1
DA:17,1
DA:22,1
DA:24,2
DA:25,1
DA:26,0
DA:28,1
DA:29,3
LF:8
LH:7
end_of_record
SF:lib\app\shared_prefs\token_shared_prefs.dart
DA:8,0
DA:10,0
DA:12,0
DA:13,0
DA:16,0
DA:20,0
DA:22,0
DA:23,0
DA:26,0
LF:9
LH:0
end_of_record
SF:lib\core\error\failure.dart
DA:6,0
DA:8,0
DA:9,0
DA:13,0
DA:18,0
DA:25,0
DA:31,0
LF:7
LH:0
end_of_record
SF:lib\features\auth\domain\entity\client_entity.dart
DA:14,0
DA:26,0
DA:36,0
DA:37,0
DA:38,0
DA:39,0
DA:40,0
DA:41,0
DA:42,0
DA:43,0
DA:44,0
DA:45,0
DA:49,0
DA:60,0
DA:62,0
LF:15
LH:0
end_of_record
SF:lib\features\auth\domain\use_case\client_use_case\delete_client_use_case.dart
DA:9,0
DA:15,0
DA:17,0
DA:19,0
DA:20,0
DA:21,0
DA:22,0
DA:23,0
LF:8
LH:0
end_of_record
SF:lib\features\auth\domain\use_case\freelancer_use_case\search_freelancers_use_case.dart
DA:9,1
DA:14,1
DA:16,1
DA:18,3
LF:4
LH:4
end_of_record
